[2020-04-11 13:35:36,381] multiqc                                            [DEBUG  ]  No MultiQC config found: /pbtech_mounts/softlib001/apps/EL7/spack/opt/spack/linux-centos7-x86_64/gcc-6.3.0/py-multiqc-1.7-7wstaml7opzvdb5liiuxniifwufxfmzv/lib/python3.5/site-packages/multiqc_config.yaml
[2020-04-11 13:35:36,382] multiqc                                            [DEBUG  ]  No MultiQC config found: /home/brl4006/.multiqc_config.yaml
[2020-04-11 13:35:36,382] multiqc                                            [DEBUG  ]  No MultiQC config found: multiqc_config.yaml
[2020-04-11 13:35:36,382] multiqc                                            [DEBUG  ]  Command used: /pbtech_mounts/softlib001/apps/EL7/spack/opt/spack/linux-centos7-x86_64/gcc-6.3.0/py-multiqc-1.7-7wstaml7opzvdb5liiuxniifwufxfmzv/bin/multiqc ./
[2020-04-11 13:35:37,276] multiqc                                            [WARNING]  MultiQC Version v1.8 now available!
[2020-04-11 13:35:37,276] multiqc                                            [INFO   ]  This is MultiQC v1.7 (7d61ef5)
[2020-04-11 13:35:37,277] multiqc                                            [DEBUG  ]  Command     : /pbtech_mounts/softlib001/apps/EL7/spack/opt/spack/linux-centos7-x86_64/gcc-6.3.0/py-multiqc-1.7-7wstaml7opzvdb5liiuxniifwufxfmzv/bin/multiqc ./
[2020-04-11 13:35:37,277] multiqc                                            [DEBUG  ]  Working dir : /athena/angsd/scratch/bplee/project/final_project/fastqc_reports/subset_reports
[2020-04-11 13:35:37,277] multiqc                                            [INFO   ]  Template    : default
[2020-04-11 13:35:37,278] multiqc                                            [INFO   ]  Searching './'
[2020-04-11 13:35:37,279] multiqc                                            [DEBUG  ]  Analysing modules: custom_content, conpair, peddy, methylQA, phantompeakqualtools, qualimap, preseq, quast, qorts, rna_seqc, rsem, rseqc, busco, goleft_indexcov, disambiguate, supernova, deeptools, sargasso, verifybamid, mirtrace, happy, homer, macs2, theta2, snpeff, gatk, htseq, bcftools, featureCounts, dedup, damageprofiler, picard, prokka, samblaster, samtools, bamtools, jellyfish, vcftools, longranger, stacks, bbmap, bismark, biscuit, hicexplorer, hicup, hicpro, salmon, kallisto, slamdunk, star, hisat2, tophat, bowtie2, bowtie1, kat, leehom, adapterRemoval, clipandmerge, cutadapt, flexbar, trimmomatic, skewer, sortmerna, biobloomtools, fastq_screen, afterqc, fastp, fastqc, minionqc, clusterflow, bcl2fastq, interop, flash
[2020-04-11 13:35:37,279] multiqc                                            [DEBUG  ]  Using temporary directory for creating report: /tmp/tmpdeaukrew
[2020-04-11 13:35:37,408] multiqc                                            [DEBUG  ]  Ignoring file as matched an ignore pattern: SRR7093812_trimmed_fastqc.html
[2020-04-11 13:35:37,409] multiqc                                            [DEBUG  ]  Ignoring file as matched an ignore pattern: SRR7093819_trimmed_fastqc.html
[2020-04-11 13:35:37,410] multiqc                                            [DEBUG  ]  Ignoring file as matched an ignore pattern: SRR7093810_trimmed_fastqc.html
[2020-04-11 13:35:37,411] multiqc                                            [DEBUG  ]  Ignoring file as matched an ignore pattern: SRR7093809_trimmed_fastqc.html
[2020-04-11 13:35:37,412] multiqc                                            [DEBUG  ]  Ignoring file as matched an ignore pattern: SRR7093870_trimmed_fastqc.html
[2020-04-11 13:35:37,412] multiqc                                            [DEBUG  ]  Ignoring file as matched an ignore pattern: SRR7093818_trimmed_fastqc.html
[2020-04-11 13:35:37,451] multiqc                                            [DEBUG  ]  Ignoring file as matched an ignore pattern: SRR7093871_trimmed_fastqc.html
[2020-04-11 13:35:37,452] multiqc                                            [DEBUG  ]  Ignoring file as matched an ignore pattern: SRR7093849_trimmed_fastqc.html
[2020-04-11 13:35:37,452] multiqc                                            [DEBUG  ]  Ignoring file as matched an ignore pattern: SRR7093826_trimmed_fastqc.html
[2020-04-11 13:35:37,452] multiqc                                            [DEBUG  ]  Ignoring file as matched an ignore pattern: SRR7093843_trimmed_fastqc.html
[2020-04-11 13:35:37,452] multiqc                                            [DEBUG  ]  Ignoring file as matched an ignore pattern: SRR7093873_trimmed_fastqc.html
[2020-04-11 13:35:37,453] multiqc                                            [DEBUG  ]  Ignoring file as matched an ignore pattern: SRR7093859_trimmed_fastqc.html
[2020-04-11 13:35:37,453] multiqc                                            [DEBUG  ]  Ignoring file as matched an ignore pattern: SRR7093821_trimmed_fastqc.html
[2020-04-11 13:35:37,453] multiqc                                            [DEBUG  ]  Ignoring file as matched an ignore pattern: SRR7093828_trimmed_fastqc.html
[2020-04-11 13:35:37,454] multiqc                                            [DEBUG  ]  Ignoring file as matched an ignore pattern: SRR7093846_trimmed_fastqc.html
[2020-04-11 13:35:37,454] multiqc                                            [DEBUG  ]  Ignoring file as matched an ignore pattern: SRR7093845_trimmed_fastqc.html
[2020-04-11 13:35:37,454] multiqc                                            [DEBUG  ]  Ignoring file as matched an ignore pattern: SRR7093862_trimmed_fastqc.html
[2020-04-11 13:35:37,455] multiqc                                            [DEBUG  ]  Ignoring file as matched an ignore pattern: SRR7093839_trimmed_fastqc.html
[2020-04-11 13:35:37,455] multiqc                                            [DEBUG  ]  Ignoring file as matched an ignore pattern: SRR7093842_trimmed_fastqc.html
[2020-04-11 13:35:37,455] multiqc                                            [DEBUG  ]  Ignoring file as matched an ignore pattern: SRR7093814_trimmed_fastqc.html
[2020-04-11 13:35:37,456] multiqc                                            [DEBUG  ]  Ignoring file as matched an ignore pattern: SRR7093893_trimmed_fastqc.html
[2020-04-11 13:35:37,456] multiqc                                            [DEBUG  ]  Ignoring file as matched an ignore pattern: SRR7093831_trimmed_fastqc.html
[2020-04-11 13:35:37,456] multiqc                                            [DEBUG  ]  Ignoring file as matched an ignore pattern: SRR7093860_trimmed_fastqc.html
[2020-04-11 13:35:37,457] multiqc                                            [DEBUG  ]  Ignoring file as matched an ignore pattern: SRR7093822_trimmed_fastqc.html
[2020-04-11 13:35:37,849] multiqc                                            [DEBUG  ]  No samples found: custom_content
[2020-04-11 13:35:37,855] multiqc                                            [DEBUG  ]  No samples found: conpair
[2020-04-11 13:35:37,860] multiqc                                            [DEBUG  ]  No samples found: peddy
[2020-04-11 13:35:37,866] multiqc                                            [DEBUG  ]  No samples found: methylQA
[2020-04-11 13:35:37,871] multiqc                                            [DEBUG  ]  No samples found: phantompeakqualtools
[2020-04-11 13:35:37,879] multiqc                                            [DEBUG  ]  No samples found: qualimap
[2020-04-11 13:35:37,884] multiqc                                            [DEBUG  ]  No samples found: preseq
[2020-04-11 13:35:37,889] multiqc                                            [DEBUG  ]  No samples found: quast
[2020-04-11 13:35:37,895] multiqc                                            [DEBUG  ]  No samples found: qorts
[2020-04-11 13:35:37,900] multiqc                                            [DEBUG  ]  No samples found: rna_seqc
[2020-04-11 13:35:37,906] multiqc                                            [DEBUG  ]  No samples found: rsem
[2020-04-11 13:35:37,917] multiqc                                            [DEBUG  ]  No samples found: rseqc
[2020-04-11 13:35:37,923] multiqc                                            [DEBUG  ]  No samples found: busco
[2020-04-11 13:35:37,929] multiqc                                            [DEBUG  ]  No samples found: goleft_indexcov
[2020-04-11 13:35:37,934] multiqc                                            [DEBUG  ]  No samples found: disambiguate
[2020-04-11 13:35:37,939] multiqc                                            [DEBUG  ]  No samples found: supernova
[2020-04-11 13:35:37,951] multiqc                                            [DEBUG  ]  No samples found: deeptools
[2020-04-11 13:35:37,956] multiqc                                            [DEBUG  ]  No samples found: sargasso
[2020-04-11 13:35:37,962] multiqc                                            [DEBUG  ]  No samples found: verifybamid
[2020-04-11 13:35:37,972] multiqc                                            [DEBUG  ]  No samples found: mirtrace
[2020-04-11 13:35:37,981] multiqc                                            [DEBUG  ]  No samples found: happy
[2020-04-11 13:35:37,991] multiqc                                            [DEBUG  ]  No samples found: homer
[2020-04-11 13:35:37,998] multiqc                                            [DEBUG  ]  No samples found: macs2
[2020-04-11 13:35:38,005] multiqc                                            [DEBUG  ]  No samples found: theta2
[2020-04-11 13:35:38,012] multiqc                                            [DEBUG  ]  No samples found: snpeff
[2020-04-11 13:35:38,022] multiqc                                            [DEBUG  ]  No samples found: gatk
[2020-04-11 13:35:38,029] multiqc                                            [DEBUG  ]  No samples found: htseq
[2020-04-11 13:35:38,036] multiqc                                            [DEBUG  ]  No samples found: bcftools
[2020-04-11 13:35:38,042] multiqc                                            [DEBUG  ]  No samples found: featureCounts
[2020-04-11 13:35:38,049] multiqc                                            [DEBUG  ]  No samples found: dedup
[2020-04-11 13:35:38,055] multiqc                                            [DEBUG  ]  No samples found: damageprofiler
[2020-04-11 13:35:38,072] multiqc                                            [DEBUG  ]  No samples found: picard
[2020-04-11 13:35:38,079] multiqc                                            [DEBUG  ]  No samples found: prokka
[2020-04-11 13:35:38,085] multiqc                                            [DEBUG  ]  No samples found: samblaster
[2020-04-11 13:35:38,093] multiqc                                            [DEBUG  ]  No samples found: samtools
[2020-04-11 13:35:38,100] multiqc                                            [DEBUG  ]  No samples found: bamtools
[2020-04-11 13:35:38,106] multiqc                                            [DEBUG  ]  No samples found: jellyfish
[2020-04-11 13:35:38,115] multiqc                                            [DEBUG  ]  No samples found: vcftools
[2020-04-11 13:35:38,121] multiqc                                            [DEBUG  ]  No samples found: longranger
[2020-04-11 13:35:38,127] multiqc                                            [DEBUG  ]  No samples found: stacks
[2020-04-11 13:35:38,142] multiqc                                            [DEBUG  ]  No samples found: bbmap
[2020-04-11 13:35:38,148] multiqc                                            [DEBUG  ]  No samples found: bismark
[2020-04-11 13:35:38,155] multiqc                                            [DEBUG  ]  No samples found: biscuit
[2020-04-11 13:35:38,161] multiqc                                            [DEBUG  ]  No samples found: hicexplorer
[2020-04-11 13:35:38,167] multiqc                                            [DEBUG  ]  No samples found: hicup
[2020-04-11 13:35:38,173] multiqc                                            [DEBUG  ]  No samples found: hicpro
[2020-04-11 13:35:38,179] multiqc                                            [DEBUG  ]  No samples found: salmon
[2020-04-11 13:35:38,185] multiqc                                            [DEBUG  ]  No samples found: kallisto
[2020-04-11 13:35:38,191] multiqc                                            [DEBUG  ]  No samples found: slamdunk
[2020-04-11 13:35:38,197] multiqc                                            [DEBUG  ]  No samples found: star
[2020-04-11 13:35:38,202] multiqc                                            [DEBUG  ]  No samples found: hisat2
[2020-04-11 13:35:38,208] multiqc                                            [DEBUG  ]  No samples found: tophat
[2020-04-11 13:35:38,214] multiqc                                            [DEBUG  ]  No samples found: bowtie2
[2020-04-11 13:35:38,220] multiqc                                            [DEBUG  ]  No samples found: bowtie1
[2020-04-11 13:35:38,226] multiqc                                            [DEBUG  ]  No samples found: kat
[2020-04-11 13:35:38,232] multiqc                                            [DEBUG  ]  No samples found: leehom
[2020-04-11 13:35:38,238] multiqc                                            [DEBUG  ]  No samples found: adapterRemoval
[2020-04-11 13:35:38,243] multiqc                                            [DEBUG  ]  No samples found: clipandmerge
[2020-04-11 13:35:38,249] multiqc                                            [DEBUG  ]  No samples found: cutadapt
[2020-04-11 13:35:38,255] multiqc                                            [DEBUG  ]  No samples found: flexbar
[2020-04-11 13:35:38,261] multiqc                                            [DEBUG  ]  No samples found: trimmomatic
[2020-04-11 13:35:38,267] multiqc                                            [DEBUG  ]  No samples found: skewer
[2020-04-11 13:35:38,273] multiqc                                            [DEBUG  ]  No samples found: sortmerna
[2020-04-11 13:35:38,279] multiqc                                            [DEBUG  ]  No samples found: biobloomtools
[2020-04-11 13:35:38,284] multiqc                                            [DEBUG  ]  No samples found: fastq_screen
[2020-04-11 13:35:38,290] multiqc                                            [DEBUG  ]  No samples found: afterqc
[2020-04-11 13:35:38,296] multiqc                                            [DEBUG  ]  No samples found: fastp
[2020-04-11 13:35:38,406] multiqc.modules.fastqc.fastqc                      [INFO   ]  Found 24 reports
[2020-04-11 13:35:39,283] multiqc                                            [DEBUG  ]  No samples found: minionqc
[2020-04-11 13:35:39,289] multiqc                                            [DEBUG  ]  No samples found: clusterflow
[2020-04-11 13:35:39,295] multiqc                                            [DEBUG  ]  No samples found: bcl2fastq
[2020-04-11 13:35:39,302] multiqc                                            [DEBUG  ]  No samples found: interop
[2020-04-11 13:35:39,308] multiqc                                            [DEBUG  ]  No samples found: flash
[2020-04-11 13:35:39,362] multiqc                                            [INFO   ]  Compressing plot data
[2020-04-11 13:35:39,987] multiqc                                            [INFO   ]  Report      : multiqc_report.html
[2020-04-11 13:35:39,987] multiqc                                            [INFO   ]  Data        : multiqc_data
[2020-04-11 13:35:39,990] multiqc                                            [DEBUG  ]  Moving data file from '/tmp/tmpdeaukrew/multiqc_data/multiqc_fastqc.txt' to '/athena/angsd/scratch/bplee/project/final_project/fastqc_reports/subset_reports/multiqc_data'
[2020-04-11 13:35:39,992] multiqc                                            [DEBUG  ]  Moving data file from '/tmp/tmpdeaukrew/multiqc_data/multiqc_general_stats.txt' to '/athena/angsd/scratch/bplee/project/final_project/fastqc_reports/subset_reports/multiqc_data'
[2020-04-11 13:35:39,993] multiqc                                            [DEBUG  ]  Moving data file from '/tmp/tmpdeaukrew/multiqc_data/multiqc_sources.txt' to '/athena/angsd/scratch/bplee/project/final_project/fastqc_reports/subset_reports/multiqc_data'
[2020-04-11 13:35:39,994] multiqc                                            [DEBUG  ]  Moving data file from '/tmp/tmpdeaukrew/multiqc_data/multiqc_data.json' to '/athena/angsd/scratch/bplee/project/final_project/fastqc_reports/subset_reports/multiqc_data'
[2020-04-11 13:35:40,164] multiqc                                            [INFO   ]  MultiQC complete
